mkdir -p build/devices
mkdir -p build/filesys
mkdir -p build/lib
mkdir -p build/lib/kernel
mkdir -p build/lib/user
mkdir -p build/tests/filesys/base
mkdir -p build/tests/filesys/extended
mkdir -p build/tests/userprog
mkdir -p build/threads
mkdir -p build/userprog
cp ../Makefile.build build/Makefile
cd build && make check
make[1]: Entering directory `/home/loheagn/PintOS-lab/project4-file_system/src/filesys/build'
gcc -m32 -E -nostdinc -I../.. -I../../lib -I../../lib/kernel -P ../../threads/kernel.lds.S > threads/kernel.lds.s
gcc -m32 -c ../../threads/start.S -o threads/start.o -Wa,--gstabs -nostdinc -I../.. -I../../lib -I../../lib/kernel -DUSERPROG -DFILESYS -MMD -MF threads/start.d
gcc -m32 -c ../../threads/init.c -o threads/init.o -g -msoft-float -O -fno-stack-protector -nostdinc -I../.. -I../../lib -I../../lib/kernel -Wall -W -Wstrict-prototypes -Wmissing-prototypes -Wsystem-headers -DUSERPROG -DFILESYS -MMD -MF threads/init.d
gcc -m32 -c ../../threads/thread.c -o threads/thread.o -g -msoft-float -O -fno-stack-protector -nostdinc -I../.. -I../../lib -I../../lib/kernel -Wall -W -Wstrict-prototypes -Wmissing-prototypes -Wsystem-headers -DUSERPROG -DFILESYS -MMD -MF threads/thread.d
gcc -m32 -c ../../threads/switch.S -o threads/switch.o -Wa,--gstabs -nostdinc -I../.. -I../../lib -I../../lib/kernel -DUSERPROG -DFILESYS -MMD -MF threads/switch.d
gcc -m32 -c ../../threads/interrupt.c -o threads/interrupt.o -g -msoft-float -O -fno-stack-protector -nostdinc -I../.. -I../../lib -I../../lib/kernel -Wall -W -Wstrict-prototypes -Wmissing-prototypes -Wsystem-headers -DUSERPROG -DFILESYS -MMD -MF threads/interrupt.d
gcc -m32 -c ../../threads/intr-stubs.S -o threads/intr-stubs.o -Wa,--gstabs -nostdinc -I../.. -I../../lib -I../../lib/kernel -DUSERPROG -DFILESYS -MMD -MF threads/intr-stubs.d
gcc -m32 -c ../../threads/synch.c -o threads/synch.o -g -msoft-float -O -fno-stack-protector -nostdinc -I../.. -I../../lib -I../../lib/kernel -Wall -W -Wstrict-prototypes -Wmissing-prototypes -Wsystem-headers -DUSERPROG -DFILESYS -MMD -MF threads/synch.d
gcc -m32 -c ../../threads/palloc.c -o threads/palloc.o -g -msoft-float -O -fno-stack-protector -nostdinc -I../.. -I../../lib -I../../lib/kernel -Wall -W -Wstrict-prototypes -Wmissing-prototypes -Wsystem-headers -DUSERPROG -DFILESYS -MMD -MF threads/palloc.d
gcc -m32 -c ../../threads/malloc.c -o threads/malloc.o -g -msoft-float -O -fno-stack-protector -nostdinc -I../.. -I../../lib -I../../lib/kernel -Wall -W -Wstrict-prototypes -Wmissing-prototypes -Wsystem-headers -DUSERPROG -DFILESYS -MMD -MF threads/malloc.d
gcc -m32 -c ../../devices/pit.c -o devices/pit.o -g -msoft-float -O -fno-stack-protector -nostdinc -I../.. -I../../lib -I../../lib/kernel -Wall -W -Wstrict-prototypes -Wmissing-prototypes -Wsystem-headers -DUSERPROG -DFILESYS -MMD -MF devices/pit.d
gcc -m32 -c ../../devices/timer.c -o devices/timer.o -g -msoft-float -O -fno-stack-protector -nostdinc -I../.. -I../../lib -I../../lib/kernel -Wall -W -Wstrict-prototypes -Wmissing-prototypes -Wsystem-headers -DUSERPROG -DFILESYS -MMD -MF devices/timer.d
gcc -m32 -c ../../devices/kbd.c -o devices/kbd.o -g -msoft-float -O -fno-stack-protector -nostdinc -I../.. -I../../lib -I../../lib/kernel -Wall -W -Wstrict-prototypes -Wmissing-prototypes -Wsystem-headers -DUSERPROG -DFILESYS -MMD -MF devices/kbd.d
gcc -m32 -c ../../devices/vga.c -o devices/vga.o -g -msoft-float -O -fno-stack-protector -nostdinc -I../.. -I../../lib -I../../lib/kernel -Wall -W -Wstrict-prototypes -Wmissing-prototypes -Wsystem-headers -DUSERPROG -DFILESYS -MMD -MF devices/vga.d
gcc -m32 -c ../../devices/serial.c -o devices/serial.o -g -msoft-float -O -fno-stack-protector -nostdinc -I../.. -I../../lib -I../../lib/kernel -Wall -W -Wstrict-prototypes -Wmissing-prototypes -Wsystem-headers -DUSERPROG -DFILESYS -MMD -MF devices/serial.d
gcc -m32 -c ../../devices/block.c -o devices/block.o -g -msoft-float -O -fno-stack-protector -nostdinc -I../.. -I../../lib -I../../lib/kernel -Wall -W -Wstrict-prototypes -Wmissing-prototypes -Wsystem-headers -DUSERPROG -DFILESYS -MMD -MF devices/block.d
gcc -m32 -c ../../devices/partition.c -o devices/partition.o -g -msoft-float -O -fno-stack-protector -nostdinc -I../.. -I../../lib -I../../lib/kernel -Wall -W -Wstrict-prototypes -Wmissing-prototypes -Wsystem-headers -DUSERPROG -DFILESYS -MMD -MF devices/partition.d
gcc -m32 -c ../../devices/ide.c -o devices/ide.o -g -msoft-float -O -fno-stack-protector -nostdinc -I../.. -I../../lib -I../../lib/kernel -Wall -W -Wstrict-prototypes -Wmissing-prototypes -Wsystem-headers -DUSERPROG -DFILESYS -MMD -MF devices/ide.d
gcc -m32 -c ../../devices/input.c -o devices/input.o -g -msoft-float -O -fno-stack-protector -nostdinc -I../.. -I../../lib -I../../lib/kernel -Wall -W -Wstrict-prototypes -Wmissing-prototypes -Wsystem-headers -DUSERPROG -DFILESYS -MMD -MF devices/input.d
gcc -m32 -c ../../devices/intq.c -o devices/intq.o -g -msoft-float -O -fno-stack-protector -nostdinc -I../.. -I../../lib -I../../lib/kernel -Wall -W -Wstrict-prototypes -Wmissing-prototypes -Wsystem-headers -DUSERPROG -DFILESYS -MMD -MF devices/intq.d
gcc -m32 -c ../../devices/rtc.c -o devices/rtc.o -g -msoft-float -O -fno-stack-protector -nostdinc -I../.. -I../../lib -I../../lib/kernel -Wall -W -Wstrict-prototypes -Wmissing-prototypes -Wsystem-headers -DUSERPROG -DFILESYS -MMD -MF devices/rtc.d
gcc -m32 -c ../../devices/shutdown.c -o devices/shutdown.o -g -msoft-float -O -fno-stack-protector -nostdinc -I../.. -I../../lib -I../../lib/kernel -Wall -W -Wstrict-prototypes -Wmissing-prototypes -Wsystem-headers -DUSERPROG -DFILESYS -MMD -MF devices/shutdown.d
gcc -m32 -c ../../devices/speaker.c -o devices/speaker.o -g -msoft-float -O -fno-stack-protector -nostdinc -I../.. -I../../lib -I../../lib/kernel -Wall -W -Wstrict-prototypes -Wmissing-prototypes -Wsystem-headers -DUSERPROG -DFILESYS -MMD -MF devices/speaker.d
gcc -m32 -c ../../lib/debug.c -o lib/debug.o -g -msoft-float -O -fno-stack-protector -nostdinc -I../.. -I../../lib -I../../lib/kernel -Wall -W -Wstrict-prototypes -Wmissing-prototypes -Wsystem-headers -DUSERPROG -DFILESYS -MMD -MF lib/debug.d
gcc -m32 -c ../../lib/random.c -o lib/random.o -g -msoft-float -O -fno-stack-protector -nostdinc -I../.. -I../../lib -I../../lib/kernel -Wall -W -Wstrict-prototypes -Wmissing-prototypes -Wsystem-headers -DUSERPROG -DFILESYS -MMD -MF lib/random.d
gcc -m32 -c ../../lib/stdio.c -o lib/stdio.o -g -msoft-float -O -fno-stack-protector -nostdinc -I../.. -I../../lib -I../../lib/kernel -Wall -W -Wstrict-prototypes -Wmissing-prototypes -Wsystem-headers -DUSERPROG -DFILESYS -MMD -MF lib/stdio.d
gcc -m32 -c ../../lib/stdlib.c -o lib/stdlib.o -g -msoft-float -O -fno-stack-protector -nostdinc -I../.. -I../../lib -I../../lib/kernel -Wall -W -Wstrict-prototypes -Wmissing-prototypes -Wsystem-headers -DUSERPROG -DFILESYS -MMD -MF lib/stdlib.d
gcc -m32 -c ../../lib/string.c -o lib/string.o -g -msoft-float -O -fno-stack-protector -nostdinc -I../.. -I../../lib -I../../lib/kernel -Wall -W -Wstrict-prototypes -Wmissing-prototypes -Wsystem-headers -DUSERPROG -DFILESYS -MMD -MF lib/string.d
gcc -m32 -c ../../lib/arithmetic.c -o lib/arithmetic.o -g -msoft-float -O -fno-stack-protector -nostdinc -I../.. -I../../lib -I../../lib/kernel -Wall -W -Wstrict-prototypes -Wmissing-prototypes -Wsystem-headers -DUSERPROG -DFILESYS -MMD -MF lib/arithmetic.d
gcc -m32 -c ../../lib/ustar.c -o lib/ustar.o -g -msoft-float -O -fno-stack-protector -nostdinc -I../.. -I../../lib -I../../lib/kernel -Wall -W -Wstrict-prototypes -Wmissing-prototypes -Wsystem-headers -DUSERPROG -DFILESYS -MMD -MF lib/ustar.d
gcc -m32 -c ../../lib/kernel/debug.c -o lib/kernel/debug.o -g -msoft-float -O -fno-stack-protector -nostdinc -I../.. -I../../lib -I../../lib/kernel -Wall -W -Wstrict-prototypes -Wmissing-prototypes -Wsystem-headers -DUSERPROG -DFILESYS -MMD -MF lib/kernel/debug.d
gcc -m32 -c ../../lib/kernel/list.c -o lib/kernel/list.o -g -msoft-float -O -fno-stack-protector -nostdinc -I../.. -I../../lib -I../../lib/kernel -Wall -W -Wstrict-prototypes -Wmissing-prototypes -Wsystem-headers -DUSERPROG -DFILESYS -MMD -MF lib/kernel/list.d
gcc -m32 -c ../../lib/kernel/bitmap.c -o lib/kernel/bitmap.o -g -msoft-float -O -fno-stack-protector -nostdinc -I../.. -I../../lib -I../../lib/kernel -Wall -W -Wstrict-prototypes -Wmissing-prototypes -Wsystem-headers -DUSERPROG -DFILESYS -MMD -MF lib/kernel/bitmap.d
gcc -m32 -c ../../lib/kernel/hash.c -o lib/kernel/hash.o -g -msoft-float -O -fno-stack-protector -nostdinc -I../.. -I../../lib -I../../lib/kernel -Wall -W -Wstrict-prototypes -Wmissing-prototypes -Wsystem-headers -DUSERPROG -DFILESYS -MMD -MF lib/kernel/hash.d
gcc -m32 -c ../../lib/kernel/console.c -o lib/kernel/console.o -g -msoft-float -O -fno-stack-protector -nostdinc -I../.. -I../../lib -I../../lib/kernel -Wall -W -Wstrict-prototypes -Wmissing-prototypes -Wsystem-headers -DUSERPROG -DFILESYS -MMD -MF lib/kernel/console.d
gcc -m32 -c ../../userprog/process.c -o userprog/process.o -g -msoft-float -O -fno-stack-protector -nostdinc -I../.. -I../../lib -I../../lib/kernel -Wall -W -Wstrict-prototypes -Wmissing-prototypes -Wsystem-headers -DUSERPROG -DFILESYS -MMD -MF userprog/process.d
gcc -m32 -c ../../userprog/pagedir.c -o userprog/pagedir.o -g -msoft-float -O -fno-stack-protector -nostdinc -I../.. -I../../lib -I../../lib/kernel -Wall -W -Wstrict-prototypes -Wmissing-prototypes -Wsystem-headers -DUSERPROG -DFILESYS -MMD -MF userprog/pagedir.d
gcc -m32 -c ../../userprog/exception.c -o userprog/exception.o -g -msoft-float -O -fno-stack-protector -nostdinc -I../.. -I../../lib -I../../lib/kernel -Wall -W -Wstrict-prototypes -Wmissing-prototypes -Wsystem-headers -DUSERPROG -DFILESYS -MMD -MF userprog/exception.d
gcc -m32 -c ../../userprog/syscall.c -o userprog/syscall.o -g -msoft-float -O -fno-stack-protector -nostdinc -I../.. -I../../lib -I../../lib/kernel -Wall -W -Wstrict-prototypes -Wmissing-prototypes -Wsystem-headers -DUSERPROG -DFILESYS -MMD -MF userprog/syscall.d
gcc -m32 -c ../../userprog/gdt.c -o userprog/gdt.o -g -msoft-float -O -fno-stack-protector -nostdinc -I../.. -I../../lib -I../../lib/kernel -Wall -W -Wstrict-prototypes -Wmissing-prototypes -Wsystem-headers -DUSERPROG -DFILESYS -MMD -MF userprog/gdt.d
gcc -m32 -c ../../userprog/tss.c -o userprog/tss.o -g -msoft-float -O -fno-stack-protector -nostdinc -I../.. -I../../lib -I../../lib/kernel -Wall -W -Wstrict-prototypes -Wmissing-prototypes -Wsystem-headers -DUSERPROG -DFILESYS -MMD -MF userprog/tss.d
gcc -m32 -c ../../filesys/filesys.c -o filesys/filesys.o -g -msoft-float -O -fno-stack-protector -nostdinc -I../.. -I../../lib -I../../lib/kernel -Wall -W -Wstrict-prototypes -Wmissing-prototypes -Wsystem-headers -DUSERPROG -DFILESYS -MMD -MF filesys/filesys.d
gcc -m32 -c ../../filesys/free-map.c -o filesys/free-map.o -g -msoft-float -O -fno-stack-protector -nostdinc -I../.. -I../../lib -I../../lib/kernel -Wall -W -Wstrict-prototypes -Wmissing-prototypes -Wsystem-headers -DUSERPROG -DFILESYS -MMD -MF filesys/free-map.d
gcc -m32 -c ../../filesys/file.c -o filesys/file.o -g -msoft-float -O -fno-stack-protector -nostdinc -I../.. -I../../lib -I../../lib/kernel -Wall -W -Wstrict-prototypes -Wmissing-prototypes -Wsystem-headers -DUSERPROG -DFILESYS -MMD -MF filesys/file.d
gcc -m32 -c ../../filesys/cache.c -o filesys/cache.o -g -msoft-float -O -fno-stack-protector -nostdinc -I../.. -I../../lib -I../../lib/kernel -Wall -W -Wstrict-prototypes -Wmissing-prototypes -Wsystem-headers -DUSERPROG -DFILESYS -MMD -MF filesys/cache.d
gcc -m32 -c ../../filesys/directory.c -o filesys/directory.o -g -msoft-float -O -fno-stack-protector -nostdinc -I../.. -I../../lib -I../../lib/kernel -Wall -W -Wstrict-prototypes -Wmissing-prototypes -Wsystem-headers -DUSERPROG -DFILESYS -MMD -MF filesys/directory.d
gcc -m32 -c ../../filesys/inode.c -o filesys/inode.o -g -msoft-float -O -fno-stack-protector -nostdinc -I../.. -I../../lib -I../../lib/kernel -Wall -W -Wstrict-prototypes -Wmissing-prototypes -Wsystem-headers -DUSERPROG -DFILESYS -MMD -MF filesys/inode.d
gcc -m32 -c ../../filesys/fsutil.c -o filesys/fsutil.o -g -msoft-float -O -fno-stack-protector -nostdinc -I../.. -I../../lib -I../../lib/kernel -Wall -W -Wstrict-prototypes -Wmissing-prototypes -Wsystem-headers -DUSERPROG -DFILESYS -MMD -MF filesys/fsutil.d
ld -melf_i386 -T threads/kernel.lds.s -o kernel.o threads/start.o threads/init.o threads/thread.o threads/switch.o threads/interrupt.o threads/intr-stubs.o threads/synch.o threads/palloc.o threads/malloc.o devices/pit.o devices/timer.o devices/kbd.o devices/vga.o devices/serial.o devices/block.o devices/partition.o devices/ide.o devices/input.o devices/intq.o devices/rtc.o devices/shutdown.o devices/speaker.o lib/debug.o lib/random.o lib/stdio.o lib/stdlib.o lib/string.o lib/arithmetic.o lib/ustar.o lib/kernel/debug.o lib/kernel/list.o lib/kernel/bitmap.o lib/kernel/hash.o lib/kernel/console.o userprog/process.o userprog/pagedir.o userprog/exception.o userprog/syscall.o userprog/gdt.o userprog/tss.o filesys/filesys.o filesys/free-map.o filesys/file.o filesys/cache.o filesys/directory.o filesys/inode.o filesys/fsutil.o
objcopy -R .note -R .comment -S kernel.o kernel.bin
gcc -m32 -c ../../threads/loader.S -o threads/loader.o -Wa,--gstabs -nostdinc -I../.. -I../../lib 
ld -melf_i386 -N -e 0 -Ttext 0x7c00 --oformat binary -o loader.bin threads/loader.o
gcc -m32 -c ../../tests/userprog/args.c -o tests/userprog/args.o -g -msoft-float -O -fno-stack-protector -nostdinc -I../.. -I../../lib -I../../lib/user -I. -Wall -W -Wstrict-prototypes -Wmissing-prototypes -Wsystem-headers  -MMD -MF tests/userprog/args.d
gcc -m32 -c ../../tests/lib.c -o tests/lib.o -g -msoft-float -O -fno-stack-protector -nostdinc -I../.. -I../../lib -I../../lib/user -I. -Wall -W -Wstrict-prototypes -Wmissing-prototypes -Wsystem-headers  -MMD -MF tests/lib.d
gcc -m32 -c ../../lib/user/entry.c -o lib/user/entry.o -g -msoft-float -O -fno-stack-protector -nostdinc -I../.. -I../../lib -I../../lib/user -I. -Wall -W -Wstrict-prototypes -Wmissing-prototypes -Wsystem-headers  -MMD -MF lib/user/entry.d
gcc -m32 -c ../../lib/user/debug.c -o lib/user/debug.o -g -msoft-float -O -fno-stack-protector -nostdinc -I../.. -I../../lib -I../../lib/user -I. -Wall -W -Wstrict-prototypes -Wmissing-prototypes -Wsystem-headers  -MMD -MF lib/user/debug.d
gcc -m32 -c ../../lib/user/syscall.c -o lib/user/syscall.o -g -msoft-float -O -fno-stack-protector -nostdinc -I../.. -I../../lib -I../../lib/user -I. -Wall -W -Wstrict-prototypes -Wmissing-prototypes -Wsystem-headers  -MMD -MF lib/user/syscall.d
gcc -m32 -c ../../lib/user/console.c -o lib/user/console.o -g -msoft-float -O -fno-stack-protector -nostdinc -I../.. -I../../lib -I../../lib/user -I. -Wall -W -Wstrict-prototypes -Wmissing-prototypes -Wsystem-headers  -MMD -MF lib/user/console.d
rm -f libc.a
ar r libc.a lib/debug.o lib/random.o lib/stdio.o lib/stdlib.o lib/string.o lib/arithmetic.o lib/ustar.o lib/user/debug.o lib/user/syscall.o lib/user/console.o
ranlib libc.a
gcc -m32  -Wl,--build-id=none -nostdlib -static -Wl,-T,../../lib/user/user.lds tests/userprog/args.o tests/lib.o lib/user/entry.o libc.a -o tests/userprog/args-none
pintos -k -T 60 --bochs  --filesys-size=2 -p tests/userprog/args-none -a args-none -- -q  -f run args-none < /dev/null 2> tests/userprog/args-none.errors > tests/userprog/args-none.output
perl -I../.. ../../tests/userprog/args-none.ck tests/userprog/args-none tests/userprog/args-none.result
FAIL tests/userprog/args-none
Kernel panic in run: PANIC at ../../lib/kernel/list.c:171 in list_insert(): assertion `is_interior (before) || is_tail (before)' failed.
Call stack: 0xc002830e
Translation of call stack:
0xc002830e: intrff_stub (threads/intr-stubs.S:0)
gcc -m32  -Wl,--build-id=none -nostdlib -static -Wl,-T,../../lib/user/user.lds tests/userprog/args.o tests/lib.o lib/user/entry.o libc.a -o tests/userprog/args-single
pintos -k -T 60 --bochs  --filesys-size=2 -p tests/userprog/args-single -a args-single -- -q  -f run 'args-single onearg' < /dev/null 2> tests/userprog/args-single.errors > tests/userprog/args-single.output
perl -I../.. ../../tests/userprog/args-single.ck tests/userprog/args-single tests/userprog/args-single.result
FAIL tests/userprog/args-single
Kernel panic in run: PANIC at ../../lib/kernel/list.c:171 in list_insert(): assertion `is_interior (before) || is_tail (before)' failed.
Call stack: 0xc002830e
Translation of call stack:
0xc002830e: intrff_stub (threads/intr-stubs.S:0)
gcc -m32  -Wl,--build-id=none -nostdlib -static -Wl,-T,../../lib/user/user.lds tests/userprog/args.o tests/lib.o lib/user/entry.o libc.a -o tests/userprog/args-multiple
pintos -k -T 60 --bochs  --filesys-size=2 -p tests/userprog/args-multiple -a args-multiple -- -q  -f run 'args-multiple some arguments for you!' < /dev/null 2> tests/userprog/args-multiple.errors > tests/userprog/args-multiple.output
perl -I../.. ../../tests/userprog/args-multiple.ck tests/userprog/args-multiple tests/userprog/args-multiple.result
FAIL tests/userprog/args-multiple
Kernel panic in run: PANIC at ../../lib/kernel/list.c:171 in list_insert(): assertion `is_interior (before) || is_tail (before)' failed.
Call stack: 0xc002830e
Translation of call stack:
0xc002830e: intrff_stub (threads/intr-stubs.S:0)
gcc -m32  -Wl,--build-id=none -nostdlib -static -Wl,-T,../../lib/user/user.lds tests/userprog/args.o tests/lib.o lib/user/entry.o libc.a -o tests/userprog/args-many
pintos -k -T 60 --bochs  --filesys-size=2 -p tests/userprog/args-many -a args-many -- -q  -f run 'args-many a b c d e f g h i j k l m n o p q r s t u v' < /dev/null 2> tests/userprog/args-many.errors > tests/userprog/args-many.output
perl -I../.. ../../tests/userprog/args-many.ck tests/userprog/args-many tests/userprog/args-many.result
FAIL tests/userprog/args-many
Kernel panic in run: PANIC at ../../lib/kernel/list.c:171 in list_insert(): assertion `is_interior (before) || is_tail (before)' failed.
Call stack: 0xc002830e
Translation of call stack:
0xc002830e: intrff_stub (threads/intr-stubs.S:0)
gcc -m32  -Wl,--build-id=none -nostdlib -static -Wl,-T,../../lib/user/user.lds tests/userprog/args.o tests/lib.o lib/user/entry.o libc.a -o tests/userprog/args-dbl-space
pintos -k -T 60 --bochs  --filesys-size=2 -p tests/userprog/args-dbl-space -a args-dbl-space -- -q  -f run 'args-dbl-space two  spaces!' < /dev/null 2> tests/userprog/args-dbl-space.errors > tests/userprog/args-dbl-space.output
perl -I../.. ../../tests/userprog/args-dbl-space.ck tests/userprog/args-dbl-space tests/userprog/args-dbl-space.result
FAIL tests/userprog/args-dbl-space
Kernel panic in run: PANIC at ../../lib/kernel/list.c:171 in list_insert(): assertion `is_interior (before) || is_tail (before)' failed.
Call stack: 0xc002830e
Translation of call stack:
0xc002830e: intrff_stub (threads/intr-stubs.S:0)
gcc -m32 -c ../../tests/userprog/sc-bad-sp.c -o tests/userprog/sc-bad-sp.o -g -msoft-float -O -fno-stack-protector -nostdinc -I../.. -I../../lib -I../../lib/user -I. -Wall -W -Wstrict-prototypes -Wmissing-prototypes -Wsystem-headers  -MMD -MF tests/userprog/sc-bad-sp.d
gcc -m32 -c ../../tests/main.c -o tests/main.o -g -msoft-float -O -fno-stack-protector -nostdinc -I../.. -I../../lib -I../../lib/user -I. -Wall -W -Wstrict-prototypes -Wmissing-prototypes -Wsystem-headers  -MMD -MF tests/main.d
gcc -m32  -Wl,--build-id=none -nostdlib -static -Wl,-T,../../lib/user/user.lds tests/userprog/sc-bad-sp.o tests/main.o tests/lib.o lib/user/entry.o libc.a -o tests/userprog/sc-bad-sp
pintos -k -T 60 --bochs  --filesys-size=2 -p tests/userprog/sc-bad-sp -a sc-bad-sp -- -q  -f run sc-bad-sp < /dev/null 2> tests/userprog/sc-bad-sp.errors > tests/userprog/sc-bad-sp.output
perl -I../.. ../../tests/userprog/sc-bad-sp.ck tests/userprog/sc-bad-sp tests/userprog/sc-bad-sp.result
FAIL tests/userprog/sc-bad-sp
Kernel panic in run: PANIC at ../../lib/kernel/list.c:171 in list_insert(): assertion `is_interior (before) || is_tail (before)' failed.
Call stack: 0xc002830e
Translation of call stack:
0xc002830e: intrff_stub (threads/intr-stubs.S:0)
gcc -m32 -c ../../tests/userprog/sc-bad-arg.c -o tests/userprog/sc-bad-arg.o -g -msoft-float -O -fno-stack-protector -nostdinc -I../.. -I../../lib -I../../lib/user -I. -Wall -W -Wstrict-prototypes -Wmissing-prototypes -Wsystem-headers  -MMD -MF tests/userprog/sc-bad-arg.d
gcc -m32  -Wl,--build-id=none -nostdlib -static -Wl,-T,../../lib/user/user.lds tests/userprog/sc-bad-arg.o tests/main.o tests/lib.o lib/user/entry.o libc.a -o tests/userprog/sc-bad-arg
pintos -k -T 60 --bochs  --filesys-size=2 -p tests/userprog/sc-bad-arg -a sc-bad-arg -- -q  -f run sc-bad-arg < /dev/null 2> tests/userprog/sc-bad-arg.errors > tests/userprog/sc-bad-arg.output
perl -I../.. ../../tests/userprog/sc-bad-arg.ck tests/userprog/sc-bad-arg tests/userprog/sc-bad-arg.result
FAIL tests/userprog/sc-bad-arg
Kernel panic in run: PANIC at ../../lib/kernel/list.c:171 in list_insert(): assertion `is_interior (before) || is_tail (before)' failed.
Call stack: 0xc002830e
Translation of call stack:
0xc002830e: intrff_stub (threads/intr-stubs.S:0)
gcc -m32 -c ../../tests/userprog/sc-boundary.c -o tests/userprog/sc-boundary.o -g -msoft-float -O -fno-stack-protector -nostdinc -I../.. -I../../lib -I../../lib/user -I. -Wall -W -Wstrict-prototypes -Wmissing-prototypes -Wsystem-headers  -MMD -MF tests/userprog/sc-boundary.d
gcc -m32 -c ../../tests/userprog/boundary.c -o tests/userprog/boundary.o -g -msoft-float -O -fno-stack-protector -nostdinc -I../.. -I../../lib -I../../lib/user -I. -Wall -W -Wstrict-prototypes -Wmissing-prototypes -Wsystem-headers  -MMD -MF tests/userprog/boundary.d
gcc -m32  -Wl,--build-id=none -nostdlib -static -Wl,-T,../../lib/user/user.lds tests/userprog/sc-boundary.o tests/userprog/boundary.o tests/main.o tests/lib.o lib/user/entry.o libc.a -o tests/userprog/sc-boundary
pintos -k -T 60 --bochs  --filesys-size=2 -p tests/userprog/sc-boundary -a sc-boundary -- -q  -f run sc-boundary < /dev/null 2> tests/userprog/sc-boundary.errors > tests/userprog/sc-boundary.output
perl -I../.. ../../tests/userprog/sc-boundary.ck tests/userprog/sc-boundary tests/userprog/sc-boundary.result
FAIL tests/userprog/sc-boundary
Kernel panic in run: PANIC at ../../lib/kernel/list.c:171 in list_insert(): assertion `is_interior (before) || is_tail (before)' failed.
Call stack: 0xc002830e
Translation of call stack:
0xc002830e: intrff_stub (threads/intr-stubs.S:0)
gcc -m32 -c ../../tests/userprog/sc-boundary-2.c -o tests/userprog/sc-boundary-2.o -g -msoft-float -O -fno-stack-protector -nostdinc -I../.. -I../../lib -I../../lib/user -I. -Wall -W -Wstrict-prototypes -Wmissing-prototypes -Wsystem-headers  -MMD -MF tests/userprog/sc-boundary-2.d
gcc -m32  -Wl,--build-id=none -nostdlib -static -Wl,-T,../../lib/user/user.lds tests/userprog/sc-boundary-2.o tests/userprog/boundary.o tests/main.o tests/lib.o lib/user/entry.o libc.a -o tests/userprog/sc-boundary-2
pintos -k -T 60 --bochs  --filesys-size=2 -p tests/userprog/sc-boundary-2 -a sc-boundary-2 -- -q  -f run sc-boundary-2 < /dev/null 2> tests/userprog/sc-boundary-2.errors > tests/userprog/sc-boundary-2.output
perl -I../.. ../../tests/userprog/sc-boundary-2.ck tests/userprog/sc-boundary-2 tests/userprog/sc-boundary-2.result
FAIL tests/userprog/sc-boundary-2
Kernel panic in run: PANIC at ../../lib/kernel/list.c:171 in list_insert(): assertion `is_interior (before) || is_tail (before)' failed.
Call stack: 0xc002830e
Translation of call stack:
0xc002830e: intrff_stub (threads/intr-stubs.S:0)
gcc -m32 -c ../../tests/userprog/halt.c -o tests/userprog/halt.o -g -msoft-float -O -fno-stack-protector -nostdinc -I../.. -I../../lib -I../../lib/user -I. -Wall -W -Wstrict-prototypes -Wmissing-prototypes -Wsystem-headers  -MMD -MF tests/userprog/halt.d
gcc -m32  -Wl,--build-id=none -nostdlib -static -Wl,-T,../../lib/user/user.lds tests/userprog/halt.o tests/main.o tests/lib.o lib/user/entry.o libc.a -o tests/userprog/halt
pintos -k -T 60 --bochs  --filesys-size=2 -p tests/userprog/halt -a halt -- -q  -f run halt < /dev/null 2> tests/userprog/halt.errors > tests/userprog/halt.output
perl -I../.. ../../tests/userprog/halt.ck tests/userprog/halt tests/userprog/halt.result
FAIL tests/userprog/halt
Kernel panic in run: PANIC at ../../lib/kernel/list.c:171 in list_insert(): assertion `is_interior (before) || is_tail (before)' failed.
Call stack: 0xc002830e
Translation of call stack:
0xc002830e: intrff_stub (threads/intr-stubs.S:0)
gcc -m32 -c ../../tests/userprog/exit.c -o tests/userprog/exit.o -g -msoft-float -O -fno-stack-protector -nostdinc -I../.. -I../../lib -I../../lib/user -I. -Wall -W -Wstrict-prototypes -Wmissing-prototypes -Wsystem-headers  -MMD -MF tests/userprog/exit.d
gcc -m32  -Wl,--build-id=none -nostdlib -static -Wl,-T,../../lib/user/user.lds tests/userprog/exit.o tests/main.o tests/lib.o lib/user/entry.o libc.a -o tests/userprog/exit
pintos -k -T 60 --bochs  --filesys-size=2 -p tests/userprog/exit -a exit -- -q  -f run exit < /dev/null 2> tests/userprog/exit.errors > tests/userprog/exit.output
perl -I../.. ../../tests/userprog/exit.ck tests/userprog/exit tests/userprog/exit.result
FAIL tests/userprog/exit
Kernel panic in run: PANIC at ../../lib/kernel/list.c:171 in list_insert(): assertion `is_interior (before) || is_tail (before)' failed.
Call stack: 0xc002830e
Translation of call stack:
0xc002830e: intrff_stub (threads/intr-stubs.S:0)
gcc -m32 -c ../../tests/userprog/create-normal.c -o tests/userprog/create-normal.o -g -msoft-float -O -fno-stack-protector -nostdinc -I../.. -I../../lib -I../../lib/user -I. -Wall -W -Wstrict-prototypes -Wmissing-prototypes -Wsystem-headers  -MMD -MF tests/userprog/create-normal.d
gcc -m32  -Wl,--build-id=none -nostdlib -static -Wl,-T,../../lib/user/user.lds tests/userprog/create-normal.o tests/main.o tests/lib.o lib/user/entry.o libc.a -o tests/userprog/create-normal
pintos -k -T 60 --bochs  --filesys-size=2 -p tests/userprog/create-normal -a create-normal -- -q  -f run create-normal < /dev/null 2> tests/userprog/create-normal.errors > tests/userprog/create-normal.output
perl -I../.. ../../tests/userprog/create-normal.ck tests/userprog/create-normal tests/userprog/create-normal.result
FAIL tests/userprog/create-normal
Kernel panic in run: PANIC at ../../lib/kernel/list.c:171 in list_insert(): assertion `is_interior (before) || is_tail (before)' failed.
Call stack: 0xc002830e
Translation of call stack:
0xc002830e: intrff_stub (threads/intr-stubs.S:0)
gcc -m32 -c ../../tests/userprog/create-empty.c -o tests/userprog/create-empty.o -g -msoft-float -O -fno-stack-protector -nostdinc -I../.. -I../../lib -I../../lib/user -I. -Wall -W -Wstrict-prototypes -Wmissing-prototypes -Wsystem-headers  -MMD -MF tests/userprog/create-empty.d
gcc -m32  -Wl,--build-id=none -nostdlib -static -Wl,-T,../../lib/user/user.lds tests/userprog/create-empty.o tests/main.o tests/lib.o lib/user/entry.o libc.a -o tests/userprog/create-empty
pintos -k -T 60 --bochs  --filesys-size=2 -p tests/userprog/create-empty -a create-empty -- -q  -f run create-empty < /dev/null 2> tests/userprog/create-empty.errors > tests/userprog/create-empty.output
perl -I../.. ../../tests/userprog/create-empty.ck tests/userprog/create-empty tests/userprog/create-empty.result
FAIL tests/userprog/create-empty
Kernel panic in run: PANIC at ../../lib/kernel/list.c:171 in list_insert(): assertion `is_interior (before) || is_tail (before)' failed.
Call stack: 0xc002830e
Translation of call stack:
0xc002830e: intrff_stub (threads/intr-stubs.S:0)
gcc -m32 -c ../../tests/userprog/create-null.c -o tests/userprog/create-null.o -g -msoft-float -O -fno-stack-protector -nostdinc -I../.. -I../../lib -I../../lib/user -I. -Wall -W -Wstrict-prototypes -Wmissing-prototypes -Wsystem-headers  -MMD -MF tests/userprog/create-null.d
gcc -m32  -Wl,--build-id=none -nostdlib -static -Wl,-T,../../lib/user/user.lds tests/userprog/create-null.o tests/main.o tests/lib.o lib/user/entry.o libc.a -o tests/userprog/create-null
pintos -k -T 60 --bochs  --filesys-size=2 -p tests/userprog/create-null -a create-null -- -q  -f run create-null < /dev/null 2> tests/userprog/create-null.errors > tests/userprog/create-null.output
perl -I../.. ../../tests/userprog/create-null.ck tests/userprog/create-null tests/userprog/create-null.result
FAIL tests/userprog/create-null
Kernel panic in run: PANIC at ../../lib/kernel/list.c:171 in list_insert(): assertion `is_interior (before) || is_tail (before)' failed.
Call stack: 0xc002830e
Translation of call stack:
0xc002830e: intrff_stub (threads/intr-stubs.S:0)
gcc -m32 -c ../../tests/userprog/create-bad-ptr.c -o tests/userprog/create-bad-ptr.o -g -msoft-float -O -fno-stack-protector -nostdinc -I../.. -I../../lib -I../../lib/user -I. -Wall -W -Wstrict-prototypes -Wmissing-prototypes -Wsystem-headers  -MMD -MF tests/userprog/create-bad-ptr.d
gcc -m32  -Wl,--build-id=none -nostdlib -static -Wl,-T,../../lib/user/user.lds tests/userprog/create-bad-ptr.o tests/main.o tests/lib.o lib/user/entry.o libc.a -o tests/userprog/create-bad-ptr
pintos -k -T 60 --bochs  --filesys-size=2 -p tests/userprog/create-bad-ptr -a create-bad-ptr -- -q  -f run create-bad-ptr < /dev/null 2> tests/userprog/create-bad-ptr.errors > tests/userprog/create-bad-ptr.output
perl -I../.. ../../tests/userprog/create-bad-ptr.ck tests/userprog/create-bad-ptr tests/userprog/create-bad-ptr.result
FAIL tests/userprog/create-bad-ptr
Kernel panic in run: PANIC at ../../lib/kernel/list.c:171 in list_insert(): assertion `is_interior (before) || is_tail (before)' failed.
Call stack: 0xc002830e
Translation of call stack:
0xc002830e: intrff_stub (threads/intr-stubs.S:0)
gcc -m32 -c ../../tests/userprog/create-long.c -o tests/userprog/create-long.o -g -msoft-float -O -fno-stack-protector -nostdinc -I../.. -I../../lib -I../../lib/user -I. -Wall -W -Wstrict-prototypes -Wmissing-prototypes -Wsystem-headers  -MMD -MF tests/userprog/create-long.d
gcc -m32  -Wl,--build-id=none -nostdlib -static -Wl,-T,../../lib/user/user.lds tests/userprog/create-long.o tests/main.o tests/lib.o lib/user/entry.o libc.a -o tests/userprog/create-long
pintos -k -T 60 --bochs  --filesys-size=2 -p tests/userprog/create-long -a create-long -- -q  -f run create-long < /dev/null 2> tests/userprog/create-long.errors > tests/userprog/create-long.output
perl -I../.. ../../tests/userprog/create-long.ck tests/userprog/create-long tests/userprog/create-long.result
FAIL tests/userprog/create-long
Kernel panic in run: PANIC at ../../lib/kernel/list.c:171 in list_insert(): assertion `is_interior (before) || is_tail (before)' failed.
Call stack: 0xc002830e
Translation of call stack:
0xc002830e: intrff_stub (threads/intr-stubs.S:0)
gcc -m32 -c ../../tests/userprog/create-exists.c -o tests/userprog/create-exists.o -g -msoft-float -O -fno-stack-protector -nostdinc -I../.. -I../../lib -I../../lib/user -I. -Wall -W -Wstrict-prototypes -Wmissing-prototypes -Wsystem-headers  -MMD -MF tests/userprog/create-exists.d
gcc -m32  -Wl,--build-id=none -nostdlib -static -Wl,-T,../../lib/user/user.lds tests/userprog/create-exists.o tests/main.o tests/lib.o lib/user/entry.o libc.a -o tests/userprog/create-exists
pintos -k -T 60 --bochs  --filesys-size=2 -p tests/userprog/create-exists -a create-exists -- -q  -f run create-exists < /dev/null 2> tests/userprog/create-exists.errors > tests/userprog/create-exists.output
perl -I../.. ../../tests/userprog/create-exists.ck tests/userprog/create-exists tests/userprog/create-exists.result
FAIL tests/userprog/create-exists
Kernel panic in run: PANIC at ../../lib/kernel/list.c:171 in list_insert(): assertion `is_interior (before) || is_tail (before)' failed.
Call stack: 0xc002830e
Translation of call stack:
0xc002830e: intrff_stub (threads/intr-stubs.S:0)
gcc -m32 -c ../../tests/userprog/create-bound.c -o tests/userprog/create-bound.o -g -msoft-float -O -fno-stack-protector -nostdinc -I../.. -I../../lib -I../../lib/user -I. -Wall -W -Wstrict-prototypes -Wmissing-prototypes -Wsystem-headers  -MMD -MF tests/userprog/create-bound.d
gcc -m32  -Wl,--build-id=none -nostdlib -static -Wl,-T,../../lib/user/user.lds tests/userprog/create-bound.o tests/userprog/boundary.o tests/main.o tests/lib.o lib/user/entry.o libc.a -o tests/userprog/create-bound
pintos -k -T 60 --bochs  --filesys-size=2 -p tests/userprog/create-bound -a create-bound -- -q  -f run create-bound < /dev/null 2> tests/userprog/create-bound.errors > tests/userprog/create-bound.output
